# JRE version: OpenJDK Runtime Environment (17.0.7) (build 17.0.7+0-b2043.56-10550314)
# Java VM: OpenJDK 64-Bit Server VM (17.0.7+0-b2043.56-10550314, mixed mode, tiered, compressed oops, compressed class ptrs, g1 gc, windows-amd64)
GC Precious Log:
 CPUs: 8 total, 8 available
 Memory: 6060M
 Large Page Support: Disabled
 NUMA Support: Disabled
 Compressed Oops: Enabled (Zero based)
 Heap Region Size: 2M
 Heap Min Capacity: 8M
 Heap Initial Capacity: 96M
 Heap Max Capacity: 4G
 Pre-touch: Disabled
 Parallel Workers: 8
 Concurrent Workers: 2
 Concurrent Refinement Workers: 8
 Periodic GC: Disabled
Heap:
 garbage-first heap   total 106496K, used 67532K [0x0000000700000000, 0x0000000800000000)
  region size 2048K, 6 young (12288K), 1 survivors (2048K)
 Metaspace       used 73320K, committed 73984K, reserved 1114112K
  class space    used 9930K, committed 10240K, reserved 1048576K
GC Heap History (20 events):
Event: 22.252 GC heap before
{Heap before GC invocations=17 (full 0):
 garbage-first heap   total 75776K, used 54241K [0x0000000700000000, 0x0000000800000000)
  region size 2048K, 12 young (24576K), 2 survivors (4096K)
 Metaspace       used 59766K, committed 60160K, reserved 1114112K
  class space    used 8075K, committed 8256K, reserved 1048576K
}
Event: 22.257 GC heap after
{Heap after GC invocations=18 (full 0):
 garbage-first heap   total 75776K, used 36749K [0x0000000700000000, 0x0000000800000000)
  region size 2048K, 2 young (4096K), 2 survivors (4096K)
 Metaspace       used 59766K, committed 60160K, reserved 1114112K
  class space    used 8075K, committed 8256K, reserved 1048576K
}
Event: 22.940 GC heap before
{Heap before GC invocations=19 (full 0):
 garbage-first heap   total 75776K, used 59277K [0x0000000700000000, 0x0000000800000000)
  region size 2048K, 13 young (26624K), 2 survivors (4096K)
 Metaspace       used 62133K, committed 62720K, reserved 1114112K
  class space    used 8482K, committed 8768K, reserved 1048576K
}
Event: 22.945 GC heap after
{Heap after GC invocations=20 (full 0):
 garbage-first heap   total 75776K, used 37974K [0x0000000700000000, 0x0000000800000000)
  region size 2048K, 2 young (4096K), 2 survivors (4096K)
 Metaspace       used 62133K, committed 62720K, reserved 1114112K
  class space    used 8482K, committed 8768K, reserved 1048576K
}
Event: 23.852 GC heap before
{Heap before GC invocations=20 (full 0):
 garbage-first heap   total 75776K, used 60502K [0x0000000700000000, 0x0000000800000000)
  region size 2048K, 13 young (26624K), 2 survivors (4096K)
 Metaspace       used 64399K, committed 64960K, reserved 1114112K
  class space    used 8898K, committed 9152K, reserved 1048576K
}
Event: 23.860 GC heap after
{Heap after GC invocations=21 (full 0):
 garbage-first heap   total 75776K, used 39893K [0x0000000700000000, 0x0000000800000000)
  region size 2048K, 2 young (4096K), 2 survivors (4096K)
 Metaspace       used 64399K, committed 64960K, reserved 1114112K
  class space    used 8898K, committed 9152K, reserved 1048576K
}
Event: 25.887 GC heap before
{Heap before GC invocations=22 (full 0):
 garbage-first heap   total 75776K, used 58325K [0x0000000700000000, 0x0000000800000000)
  region size 2048K, 12 young (24576K), 2 survivors (4096K)
 Metaspace       used 65231K, committed 65728K, reserved 1114112K
  class space    used 8980K, committed 9216K, reserved 1048576K
}
Event: 25.896 GC heap after
{Heap after GC invocations=23 (full 0):
 garbage-first heap   total 75776K, used 41271K [0x0000000700000000, 0x0000000800000000)
  region size 2048K, 2 young (4096K), 2 survivors (4096K)
 Metaspace       used 65231K, committed 65728K, reserved 1114112K
  class space    used 8980K, committed 9216K, reserved 1048576K
}
Event: 26.438 GC heap before
{Heap before GC invocations=23 (full 0):
 garbage-first heap   total 75776K, used 51511K [0x0000000700000000, 0x0000000800000000)
  region size 2048K, 9 young (18432K), 2 survivors (4096K)
 Metaspace       used 65297K, committed 65856K, reserved 1114112K
  class space    used 8982K, committed 9280K, reserved 1048576K
}
Event: 26.445 GC heap after
{Heap after GC invocations=24 (full 0):
 garbage-first heap   total 75776K, used 46496K [0x0000000700000000, 0x0000000800000000)
  region size 2048K, 2 young (4096K), 2 survivors (4096K)
 Metaspace       used 65297K, committed 65856K, reserved 1114112K
  class space    used 8982K, committed 9280K, reserved 1048576K
}
Event: 26.626 GC heap before
{Heap before GC invocations=25 (full 0):
 garbage-first heap   total 92160K, used 50592K [0x0000000700000000, 0x0000000800000000)
  region size 2048K, 4 young (8192K), 2 survivors (4096K)
 Metaspace       used 65297K, committed 65856K, reserved 1114112K
  class space    used 8982K, committed 9280K, reserved 1048576K
}
Event: 26.631 GC heap after
{Heap after GC invocations=26 (full 0):
 garbage-first heap   total 92160K, used 52849K [0x0000000700000000, 0x0000000800000000)
  region size 2048K, 1 young (2048K), 1 survivors (2048K)
 Metaspace       used 65297K, committed 65856K, reserved 1114112K
  class space    used 8982K, committed 9280K, reserved 1048576K
}
Event: 27.106 GC heap before
{Heap before GC invocations=27 (full 0):
 garbage-first heap   total 96256K, used 65137K [0x0000000700000000, 0x0000000800000000)
  region size 2048K, 7 young (14336K), 1 survivors (2048K)
 Metaspace       used 65886K, committed 66496K, reserved 1114112K
  class space    used 9057K, committed 9344K, reserved 1048576K
}
Event: 27.112 GC heap after
{Heap after GC invocations=28 (full 0):
 garbage-first heap   total 96256K, used 57831K [0x0000000700000000, 0x0000000800000000)
  region size 2048K, 1 young (2048K), 1 survivors (2048K)
 Metaspace       used 65886K, committed 66496K, reserved 1114112K
  class space    used 9057K, committed 9344K, reserved 1048576K
}
Event: 27.450 GC heap before
{Heap before GC invocations=28 (full 0):
 garbage-first heap   total 96256K, used 70119K [0x0000000700000000, 0x0000000800000000)
  region size 2048K, 7 young (14336K), 1 survivors (2048K)
 Metaspace       used 67373K, committed 67968K, reserved 1114112K
  class space    used 9245K, committed 9536K, reserved 1048576K
}
Event: 27.458 GC heap after
{Heap after GC invocations=29 (full 0):
 garbage-first heap   total 96256K, used 58422K [0x0000000700000000, 0x0000000800000000)
  region size 2048K, 1 young (2048K), 1 survivors (2048K)
 Metaspace       used 67373K, committed 67968K, reserved 1114112K
  class space    used 9245K, committed 9536K, reserved 1048576K
}
Event: 28.043 GC heap before
{Heap before GC invocations=30 (full 0):
 garbage-first heap   total 106496K, used 70710K [0x0000000700000000, 0x0000000800000000)
  region size 2048K, 7 young (14336K), 1 survivors (2048K)
 Metaspace       used 68851K, committed 69440K, reserved 1114112K
  class space    used 9446K, committed 9728K, reserved 1048576K
}
Event: 28.046 GC heap after
{Heap after GC invocations=31 (full 0):
 garbage-first heap   total 106496K, used 58801K [0x0000000700000000, 0x0000000800000000)
  region size 2048K, 1 young (2048K), 1 survivors (2048K)
 Metaspace       used 68851K, committed 69440K, reserved 1114112K
  class space    used 9446K, committed 9728K, reserved 1048576K
}
Event: 28.845 GC heap before
{Heap before GC invocations=31 (full 0):
 garbage-first heap   total 106496K, used 77233K [0x0000000700000000, 0x0000000800000000)
  region size 2048K, 10 young (20480K), 1 survivors (2048K)
 Metaspace       used 71768K, committed 72384K, reserved 1114112K
  class space    used 9785K, committed 10048K, reserved 1048576K
}
Event: 28.849 GC heap after
{Heap after GC invocations=32 (full 0):
 garbage-first heap   total 106496K, used 59340K [0x0000000700000000, 0x0000000800000000)
  region size 2048K, 1 young (2048K), 1 survivors (2048K)
 Metaspace       used 71768K, committed 72384K, reserved 1114112K
  class space    used 9785K, committed 10048K, reserved 1048576K
}

